{"/workspaces/prueba-calidad/index.js": {"path":"/workspaces/prueba-calidad/index.js","statementMap":{"0":{"start":{"line":1,"column":23},"end":{"line":1,"column":35}}},"fnMap":{"0":{"name":"sumar","decl":{"start":{"line":1,"column":9},"end":{"line":1,"column":14}},"loc":{"start":{"line":1,"column":21},"end":{"line":1,"column":37}},"line":1}},"branchMap":{},"s":{"0":0},"f":{"0":0},"b":{},"_coverageSchema":"1a1c01bbd47fc00a2c39e90264f33305004495a9","hash":"7595d67a6ae799ef04881365ccfb1a2db10c3d05"}
}
